code/mobile_client/platforms/android/build/outputs/apk/manifest-merger-debug-report.txt
-- Merging decision tree log ---
manifest
ADDED from AndroidManifest.xml:2:1
	android:hardwareAccelerated
		ADDED from AndroidManifest.xml:2:11
	xmlns:android
		ADDED from AndroidManifest.xml:2:129
	package
		ADDED from AndroidManifest.xml:2:98
	android:versionName
		ADDED from AndroidManifest.xml:2:70
	android:versionCode
		ADDED from AndroidManifest.xml:2:46
		INJECTED from AndroidManifest.xml:0:0
		INJECTED from AndroidManifest.xml:0:0
supports-screens
ADDED from AndroidManifest.xml:3:5
	android:resizeable
		ADDED from AndroidManifest.xml:3:106
	android:largeScreens
		ADDED from AndroidManifest.xml:3:49
	android:anyDensity
		ADDED from AndroidManifest.xml:3:23
	android:normalScreens
		ADDED from AndroidManifest.xml:3:77
	android:xlargeScreens
		ADDED from AndroidManifest.xml:3:160
	android:smallScreens
		ADDED from AndroidManifest.xml:3:132
uses-permission#android.permission.ACCESS_WIFI_STATE
ADDED from AndroidManifest.xml:4:5
	android:name
		ADDED from AndroidManifest.xml:4:22
application
ADDED from AndroidManifest.xml:5:5
	android:supportsRtl
		ADDED from AndroidManifest.xml:5:116
	android:label
		ADDED from AndroidManifest.xml:5:83
	android:icon
		ADDED from AndroidManifest.xml:5:53
	android:hardwareAccelerated
		ADDED from AndroidManifest.xml:5:18
activity#com.purvar.mobileapp.MainActivity
ADDED from AndroidManifest.xml:6:9
	android:windowSoftInputMode
		ADDED from AndroidManifest.xml:6:248
	android:label
		ADDED from AndroidManifest.xml:6:97
	android:configChanges
		ADDED from AndroidManifest.xml:6:19
	android:theme
		ADDED from AndroidManifest.xml:6:194
	android:name
		ADDED from AndroidManifest.xml:6:166
	android:launchMode
		ADDED from AndroidManifest.xml:6:135
intent-filter#android.intent.action.MAIN+android.intent.category.LAUNCHER
ADDED from AndroidManifest.xml:7:13
	android:label
		ADDED from AndroidManifest.xml:7:28
action#android.intent.action.MAIN
ADDED from AndroidManifest.xml:8:17
	android:name
		ADDED from AndroidManifest.xml:8:25
category#android.intent.category.LAUNCHER
ADDED from AndroidManifest.xml:9:17
	android:name
		ADDED from AndroidManifest.xml:9:27
activity#cn.jpush.android.ui.PushActivity
ADDED from AndroidManifest.xml:12:9
	android:configChanges
		ADDED from AndroidManifest.xml:12:19
	android:theme
		ADDED from AndroidManifest.xml:12:118
	android:name
		ADDED from AndroidManifest.xml:12:70
intent-filter#android.intent.category.DEFAULT+cn.jpush.android.ui.PushActivity+com.purvar.mobileapp
ADDED from AndroidManifest.xml:13:13
action#cn.jpush.android.ui.PushActivity
ADDED from AndroidManifest.xml:14:17
	android:name
		ADDED from AndroidManifest.xml:14:25
category#android.intent.category.DEFAULT
ADDED from AndroidManifest.xml:15:17
	android:name
		ADDED from AndroidManifest.xml:15:27
category#com.purvar.mobileapp
ADDED from AndroidManifest.xml:16:17
	android:name
		ADDED from AndroidManifest.xml:16:27
service#cn.jpush.android.service.DownloadService
ADDED from AndroidManifest.xml:19:9
	android:exported
		ADDED from AndroidManifest.xml:19:41
	android:enabled
		ADDED from AndroidManifest.xml:19:18
	android:name
		ADDED from AndroidManifest.xml:19:66
service#cn.jpush.android.service.PushService
ADDED from AndroidManifest.xml:20:9
	android:exported
		ADDED from AndroidManifest.xml:20:41
	android:enabled
		ADDED from AndroidManifest.xml:20:18
	android:name
		ADDED from AndroidManifest.xml:20:66
intent-filter#cn.jpush.android.intent.PUSH_TIME+cn.jpush.android.intent.PushService+cn.jpush.android.intent.REGISTER+cn.jpush.android.intent.REPORT
ADDED from AndroidManifest.xml:21:13
action#cn.jpush.android.intent.REGISTER
ADDED from AndroidManifest.xml:22:17
	android:name
		ADDED from AndroidManifest.xml:22:25
action#cn.jpush.android.intent.REPORT
ADDED from AndroidManifest.xml:23:17
	android:name
		ADDED from AndroidManifest.xml:23:25
action#cn.jpush.android.intent.PushService
ADDED from AndroidManifest.xml:24:17
	android:name
		ADDED from AndroidManifest.xml:24:25
action#cn.jpush.android.intent.PUSH_TIME
ADDED from AndroidManifest.xml:25:17
	android:name
		ADDED from AndroidManifest.xml:25:25
receiver#cn.jpush.android.service.PushReceiver
ADDED from AndroidManifest.xml:28:9
	android:enabled
		ADDED from AndroidManifest.xml:28:19
	android:name
		ADDED from AndroidManifest.xml:28:42
intent-filter#cn.jpush.android.intent.NOTIFICATION_RECEIVED_PROXY+com.purvar.mobileapp
ADDED from AndroidManifest.xml:29:13
	android:priority
		ADDED from AndroidManifest.xml:29:28
action#cn.jpush.android.intent.NOTIFICATION_RECEIVED_PROXY
ADDED from AndroidManifest.xml:30:17
	android:name
		ADDED from AndroidManifest.xml:30:25
intent-filter#android.intent.action.USER_PRESENT+android.net.conn.CONNECTIVITY_CHANGE
ADDED from AndroidManifest.xml:33:13
action#android.intent.action.USER_PRESENT
ADDED from AndroidManifest.xml:34:17
	android:name
		ADDED from AndroidManifest.xml:34:25
action#android.net.conn.CONNECTIVITY_CHANGE
ADDED from AndroidManifest.xml:35:17
	android:name
		ADDED from AndroidManifest.xml:35:25
intent-filter#android.intent.action.PACKAGE_ADDED+android.intent.action.PACKAGE_REMOVED
ADDED from AndroidManifest.xml:37:13
action#android.intent.action.PACKAGE_ADDED
ADDED from AndroidManifest.xml:38:17
	android:name
		ADDED from AndroidManifest.xml:38:25
action#android.intent.action.PACKAGE_REMOVED
ADDED from AndroidManifest.xml:39:17
	android:name
		ADDED from AndroidManifest.xml:39:25
data
ADDED from AndroidManifest.xml:40:17
	android:scheme
		ADDED from AndroidManifest.xml:40:23
receiver#cn.jpush.phonegap.MyReceiver
ADDED from AndroidManifest.xml:43:9
	android:enabled
		ADDED from AndroidManifest.xml:43:19
	android:name
		ADDED from AndroidManifest.xml:43:42
intent-filter#cn.jpush.android.intent.ACTION_RICHPUSH_CALLBACK+cn.jpush.android.intent.MESSAGE_RECEIVED+cn.jpush.android.intent.NOTIFICATION_OPENED+cn.jpush.android.intent.NOTIFICATION_RECEIVED+cn.jpush.android.intent.REGISTRATION+cn.jpush.android.intent.UNREGISTRATION+com.purvar.mobileapp
ADDED from AndroidManifest.xml:48:13
action#cn.jpush.android.intent.REGISTRATION
ADDED from AndroidManifest.xml:49:17
	android:name
		ADDED from AndroidManifest.xml:49:25
action#cn.jpush.android.intent.UNREGISTRATION
ADDED from AndroidManifest.xml:50:17
	android:name
		ADDED from AndroidManifest.xml:50:25
action#cn.jpush.android.intent.MESSAGE_RECEIVED
ADDED from AndroidManifest.xml:51:17
	android:name
		ADDED from AndroidManifest.xml:51:25
action#cn.jpush.android.intent.NOTIFICATION_RECEIVED
ADDED from AndroidManifest.xml:52:17
	android:name
		ADDED from AndroidManifest.xml:52:25
action#cn.jpush.android.intent.NOTIFICATION_OPENED
ADDED from AndroidManifest.xml:53:17
	android:name
		ADDED from AndroidManifest.xml:53:25
action#cn.jpush.android.intent.ACTION_RICHPUSH_CALLBACK
ADDED from AndroidManifest.xml:54:17
	android:name
		ADDED from AndroidManifest.xml:54:25
receiver#cn.jpush.android.service.AlarmReceiver
ADDED from AndroidManifest.xml:58:9
	android:name
		ADDED from AndroidManifest.xml:58:19
meta-data#JPUSH_CHANNEL
ADDED from AndroidManifest.xml:59:9
	android:name
		ADDED from AndroidManifest.xml:59:20
	android:value
		ADDED from AndroidManifest.xml:59:49
meta-data#JPUSH_APPKEY
ADDED from AndroidManifest.xml:60:9
	android:name
		ADDED from AndroidManifest.xml:60:20
	android:value
		ADDED from AndroidManifest.xml:60:48
activity#com.google.zxing.client.android.CaptureActivity
ADDED from AndroidManifest.xml:61:9
	android:windowSoftInputMode
		ADDED from AndroidManifest.xml:61:250
	android:configChanges
		ADDED from AndroidManifest.xml:61:52
	android:theme
		ADDED from AndroidManifest.xml:61:191
	android:exported
		ADDED from AndroidManifest.xml:61:103
	android:clearTaskOnLaunch
		ADDED from AndroidManifest.xml:61:19
	android:name
		ADDED from AndroidManifest.xml:61:128
intent-filter#android.intent.category.DEFAULT+com.google.zxing.client.android.SCAN
ADDED from AndroidManifest.xml:62:13
action#com.google.zxing.client.android.SCAN
ADDED from AndroidManifest.xml:63:17
	android:name
		ADDED from AndroidManifest.xml:63:25
activity#com.google.zxing.client.android.encode.EncodeActivity
ADDED from AndroidManifest.xml:67:9
	android:label
		ADDED from AndroidManifest.xml:67:19
	android:name
		ADDED from AndroidManifest.xml:67:54
intent-filter#android.intent.category.DEFAULT+com.phonegap.plugins.barcodescanner.ENCODE
ADDED from AndroidManifest.xml:68:13
action#com.phonegap.plugins.barcodescanner.ENCODE
ADDED from AndroidManifest.xml:69:17
	android:name
		ADDED from AndroidManifest.xml:69:25
activity#com.google.zxing.client.android.HelpActivity
ADDED from AndroidManifest.xml:73:9
	android:label
		ADDED from AndroidManifest.xml:73:19
	android:name
		ADDED from AndroidManifest.xml:73:54
intent-filter#android.intent.action.VIEW+android.intent.category.DEFAULT
ADDED from AndroidManifest.xml:74:13
action#android.intent.action.VIEW
ADDED from AndroidManifest.xml:75:17
	android:name
		ADDED from AndroidManifest.xml:75:25
uses-sdk
ADDED from AndroidManifest.xml:80:5
MERGED from android:CordovaLib:unspecified:debug:25:5
	android:targetSdkVersion
		ADDED from AndroidManifest.xml:80:42
	android:minSdkVersion
		ADDED from AndroidManifest.xml:80:15
uses-permission#com.purvar.mobileapp.permission.JPUSH_MESSAGE
ADDED from AndroidManifest.xml:81:5
	android:name
		ADDED from AndroidManifest.xml:81:22
uses-permission#android.permission.RECEIVE_USER_PRESENT
ADDED from AndroidManifest.xml:82:5
	android:name
		ADDED from AndroidManifest.xml:82:22
uses-permission#android.permission.INTERNET
ADDED from AndroidManifest.xml:83:5
	android:name
		ADDED from AndroidManifest.xml:83:22
uses-permission#android.permission.WAKE_LOCK
ADDED from AndroidManifest.xml:84:5
	android:name
		ADDED from AndroidManifest.xml:84:22
uses-permission#android.permission.READ_PHONE_STATE
ADDED from AndroidManifest.xml:85:5
	android:name
		ADDED from AndroidManifest.xml:85:22
uses-permission#android.permission.WRITE_EXTERNAL_STORAGE
ADDED from AndroidManifest.xml:86:5
	android:name
		ADDED from AndroidManifest.xml:86:22
uses-permission#android.permission.READ_EXTERNAL_STORAGE
ADDED from AndroidManifest.xml:87:5
	android:name
		ADDED from AndroidManifest.xml:87:22
uses-permission#android.permission.VIBRATE
ADDED from AndroidManifest.xml:88:5
	android:name
		ADDED from AndroidManifest.xml:88:22
uses-permission#android.permission.MOUNT_UNMOUNT_FILESYSTEMS
ADDED from AndroidManifest.xml:89:5
	android:name
		ADDED from AndroidManifest.xml:89:22
uses-permission#android.permission.ACCESS_NETWORK_STATE
ADDED from AndroidManifest.xml:90:5
	android:name
		ADDED from AndroidManifest.xml:90:22
uses-permission#android.permission.SYSTEM_ALERT_WINDOW
ADDED from AndroidManifest.xml:91:5
	android:name
		ADDED from AndroidManifest.xml:91:22
uses-permission#android.permission.WRITE_SETTINGS
ADDED from AndroidManifest.xml:92:5
	android:name
		ADDED from AndroidManifest.xml:92:22
permission#com.purvar.mobileapp.permission.JPUSH_MESSAGE
ADDED from AndroidManifest.xml:93:5
	android:protectionLevel
		ADDED from AndroidManifest.xml:93:78
	android:name
		ADDED from AndroidManifest.xml:93:17
uses-permission#android.permission.CAMERA
ADDED from AndroidManifest.xml:94:5
	android:name
		ADDED from AndroidManifest.xml:94:22
uses-permission#android.permission.FLASHLIGHT
ADDED from AndroidManifest.xml:95:5
	android:name
		ADDED from AndroidManifest.xml:95:22
uses-feature#android.hardware.camera
ADDED from AndroidManifest.xml:96:5
	android:required
		ADDED from AndroidManifest.xml:96:58
	android:name
		ADDED from AndroidManifest.xml:96:19